(5, 15)
(7, 8)
[1.0]
0.000000000000000000e+00 5.000000000000000000e+00
0.000000000000000000e+00 3.000000000000000000e+00
0.000000000000000000e+00 4.000000000000000000e+00
0.000000000000000000e+00 2.000000000000000000e+00
0.000000000000000000e+00 6.000000000000000000e+00
0.000000000000000000e+00 1.000000000000000000e+00
1.000000000000000000e+00 3.700000000000000000e+01
1.000000000000000000e+00 6.000000000000000000e+00
1.000000000000000000e+00 1.000000000000000000e+01
2.000000000000000000e+00 1.300000000000000000e+01
2.000000000000000000e+00 5.000000000000000000e+00
3.000000000000000000e+00 5.000000000000000000e+00
3.000000000000000000e+00 1.500000000000000000e+01
3.000000000000000000e+00 1.700000000000000000e+01
3.000000000000000000e+00 1.000000000000000000e+01
4.000000000000000000e+00 1.200000000000000000e+01
4.000000000000000000e+00 1.300000000000000000e+01
4.000000000000000000e+00 1.800000000000000000e+01
4.000000000000000000e+00 9.000000000000000000e+00
5.000000000000000000e+00 2.000000000000000000e+01
5.000000000000000000e+00 1.100000000000000000e+01
5.000000000000000000e+00 1.400000000000000000e+01
5.000000000000000000e+00 1.500000000000000000e+01
6.000000000000000000e+00 7.000000000000000000e+00
6.000000000000000000e+00 9.000000000000000000e+00
7.000000000000000000e+00 2.300000000000000000e+01
7.000000000000000000e+00 2.100000000000000000e+01
7.000000000000000000e+00 2.200000000000000000e+01
7.000000000000000000e+00 2.400000000000000000e+01
7.000000000000000000e+00 8.000000000000000000e+00
8.000000000000000000e+00 2.600000000000000000e+01
8.000000000000000000e+00 2.500000000000000000e+01
8.000000000000000000e+00 3.700000000000000000e+01
8.000000000000000000e+00 2.700000000000000000e+01
8.000000000000000000e+00 2.400000000000000000e+01
9.000000000000000000e+00 2.200000000000000000e+01
1.000000000000000000e+01 1.600000000000000000e+01
1.000000000000000000e+01 3.700000000000000000e+01
1.100000000000000000e+01 2.000000000000000000e+01
1.100000000000000000e+01 2.800000000000000000e+01
1.100000000000000000e+01 2.900000000000000000e+01
1.100000000000000000e+01 1.300000000000000000e+01
1.200000000000000000e+01 1.800000000000000000e+01
1.200000000000000000e+01 3.100000000000000000e+01
1.200000000000000000e+01 3.000000000000000000e+01
1.300000000000000000e+01 3.000000000000000000e+01
1.300000000000000000e+01 3.200000000000000000e+01
1.400000000000000000e+01 1.900000000000000000e+01
1.400000000000000000e+01 1.500000000000000000e+01
1.400000000000000000e+01 3.400000000000000000e+01
1.400000000000000000e+01 3.300000000000000000e+01
1.500000000000000000e+01 3.500000000000000000e+01
1.600000000000000000e+01 1.700000000000000000e+01
1.600000000000000000e+01 2.700000000000000000e+01
1.600000000000000000e+01 3.700000000000000000e+01
1.600000000000000000e+01 3.600000000000000000e+01
1.600000000000000000e+01 3.900000000000000000e+01
1.600000000000000000e+01 3.800000000000000000e+01
1.700000000000000000e+01 3.500000000000000000e+01
1.700000000000000000e+01 3.600000000000000000e+01
1.800000000000000000e+01 2.200000000000000000e+01
1.800000000000000000e+01 3.100000000000000000e+01
1.900000000000000000e+01 2.000000000000000000e+01
1.900000000000000000e+01 3.300000000000000000e+01
2.000000000000000000e+01 2.800000000000000000e+01
2.100000000000000000e+01 2.300000000000000000e+01
2.100000000000000000e+01 2.200000000000000000e+01
2.300000000000000000e+01 2.400000000000000000e+01
2.400000000000000000e+01 2.600000000000000000e+01
2.500000000000000000e+01 2.700000000000000000e+01
2.500000000000000000e+01 2.600000000000000000e+01
2.700000000000000000e+01 3.900000000000000000e+01
2.700000000000000000e+01 3.700000000000000000e+01
2.800000000000000000e+01 2.900000000000000000e+01
2.900000000000000000e+01 3.200000000000000000e+01
3.000000000000000000e+01 3.200000000000000000e+01
3.000000000000000000e+01 3.100000000000000000e+01
3.300000000000000000e+01 3.400000000000000000e+01
3.400000000000000000e+01 3.500000000000000000e+01
3.500000000000000000e+01 3.600000000000000000e+01
3.600000000000000000e+01 3.800000000000000000e+01
3.800000000000000000e+01 3.900000000000000000e+01
,
[(0, {'position': (0, 0)}), (1, {'position': (0.6946106669856362, 1.346792351519891)}), (2, {'position': (0.5764435919000673, -1.0865283434820534)}), (3, {'position': (-1.607881066412909, 0.419800258037154)}), (4, {'position': (1.4075343695581024, -0.4780631465647261)}), (5, {'position': (-1.3489273602895628, -1.1013756253623195)}), (6, {'position': (1.3687458662617007, 0.5395530793269319)}), (7, {'position': (1.905680769294485, 2.0521926283208662)}), (8, {'position': (0.6535553328385935, 3.3130126790895202)}), (9, {'position': (2.5377654585838476, 0.7972301892208828)}), (10, {'position': (-0.6393974349422864, 1.5524279941032928)}), (11, {'position': (-0.23139712350230623, -1.894418267557922)}), (12, {'position': (2.216189416753729, -1.3011451169833617)}), (13, {'position': (1.528064606904616, -2.1057263597957787)}), (14, {'position': (-2.7561888409014723, -1.1323893509346339)}), (15, {'position': (-3.118513835099159, 0.1644399907101679)}), (16, {'position': (-1.8742554205269424, 2.0206278394462363)}), (17, {'position': (-2.6342578916088453, 1.1332843047238856)}), (18, {'position': (3.378209106006587, -0.30078306818007217)}), (19, {'position': (-2.749137532196129, -2.227589260161156)}), (20, {'position': (-1.605140323154984, -2.762398258371051)}), (21, {'position': (3.787335781927817, 2.3763858626990784)}), (22, {'position': (3.6112192207346965, 1.140062723248143)}), (23, {'position': (3.1942220466038487, 3.422278016527211)}), (24, {'position': (1.9164285575865934, 3.9282434757055924)}), (25, {'position': (-0.34960446825771885, 5.033084969781334)}), (26, {'position': (1.5413049020332723, 4.869913792452247)}), (27, {'position': (-1.034842973109565, 3.334212103465765)}), (28, {'position': (-0.26538011122301014, -2.938516239657083)}), (29, {'position': (0.7639453013865684, -2.863545107928056)}), (30, {'position': (2.7463357661156147, -2.617212487476823)}), (31, {'position': (3.8239396733897113, -1.5518314636092132)}), (32, {'position': (1.7768801968647012, -3.408772283716036)}), (33, {'position': (-4.407878019970957, -1.7138109107428194)}), (34, {'position': (-4.207996093782225, -0.3479758537246923)}), (35, {'position': (-4.079391321614297, 1.2637709193139552)}), (36, {'position': (-3.2279329216338475, 2.101539189067487)}), (37, {'position': (-0.12410609103578962, 2.4520507525243724)}), (38, {'position': (-3.035459995276092, 3.1780264340099693)}), (39, {'position': (-2.127433828972691, 3.647084194595002)})]